<?xml version="1.0" encoding="UTF-8"?>
<testng-results ignored="0" total="0" passed="0" failed="0" skipped="0">
  <reporter-output>
  </reporter-output>
  <suite started-at="2021-10-11T10:10:21Z" name="jpetstore" finished-at="2021-10-11T10:10:21Z" duration-ms="24">
    <groups>
    </groups>
    <test started-at="2021-10-11T10:10:21Z" name="jpetstore_testing" finished-at="2021-10-11T10:10:21Z" duration-ms="24">
      <class name="base.Base">
        <test-method is-config="true" signature="setup()[pri:0, instance:base.Base@645aa696]" started-at="2021-10-11T10:10:16Z" name="setup" finished-at="2021-10-11T10:10:21Z" duration-ms="5023" status="PASS">
          <reporter-output>
          </reporter-output>
        </test-method> <!-- setup -->
        <test-method is-config="true" signature="tearDown()[pri:0, instance:base.Base@645aa696]" started-at="2021-10-11T10:10:21Z" name="tearDown" finished-at="2021-10-11T10:10:23Z" duration-ms="2103" status="PASS">
          <reporter-output>
          </reporter-output>
        </test-method> <!-- tearDown -->
      </class> <!-- base.Base -->
    </test> <!-- jpetstore_testing -->
  </suite> <!-- jpetstore -->
</testng-results>
